<?xml version="1.0" encoding="UTF-8"?>
<!-- Generated by org.testng.reporters.JUnitReportReporter -->
<testsuite hostname="DESKTOP-T56DNVO" failures="0" tests="1" name="com.annotations.IRCTC" time="39.998" errors="0" timestamp="2024-01-24T10:20:01 IST" skipped="0">
  <testcase classname="com.annotations.IRCTC" name="book" time="39.998"/>
  <system-out/>
</testsuite> <!-- com.annotations.IRCTC -->
