<?xml version="1.0" encoding="UTF-8"?>
<!-- Generated by org.testng.reporters.JUnitReportReporter -->
<testsuite hostname="DESKTOP-T56DNVO" failures="0" tests="1" name="com.testNG.Annotation_Multiple_BM" time="0.013" errors="0" timestamp="2024-01-17T11:20:16 IST" skipped="0">
  <testcase classname="com.testNG.Annotation_Multiple_BM" name="execute" time="0.013"/>
  <system-out/>
</testsuite> <!-- com.testNG.Annotation_Multiple_BM -->
