<?xml version="1.0" encoding="UTF-8"?>
<!-- Generated by org.testng.reporters.JUnitReportReporter -->
<testsuite hostname="DESKTOP-T56DNVO" failures="0" tests="1" name="pos.UserPosTest" time="7.632" errors="0" timestamp="2024-01-12T16:17:29 IST" skipped="0">
  <testcase classname="pos.UserPosTest" name="userPosDisplayTest" time="7.632"/>
  <system-out/>
</testsuite> <!-- pos.UserPosTest -->
