<?xml version="1.0" encoding="UTF-8"?>
<!-- Generated by org.testng.reporters.JUnitReportReporter -->
<testsuite hostname="DESKTOP-T56DNVO" failures="0" tests="1" name="com.annotations.AC" time="0.007" errors="0" timestamp="2024-01-23T15:35:02 IST" skipped="0">
  <testcase classname="com.annotations.AC" name="A" time="0.007"/>
  <system-out/>
</testsuite> <!-- com.annotations.AC -->
