<?xml version="1.0" encoding="UTF-8"?>
<!-- Generated by org.testng.reporters.JUnitReportReporter -->
<testsuite hostname="DESKTOP-T56DNVO" failures="0" tests="3" name="com.testNG.DataProviderTest" time="0.021" errors="0" timestamp="2024-01-16T17:54:58 IST" skipped="0">
  <testcase classname="com.testNG.DataProviderTest" name="getData" time="0.012"/>
  <system-out/>
  <testcase classname="com.testNG.DataProviderTest" name="getData" time="0.006"/>
  <system-out/>
  <testcase classname="com.testNG.DataProviderTest" name="getData" time="0.003"/>
  <system-out/>
</testsuite> <!-- com.testNG.DataProviderTest -->
