<?xml version="1.0" encoding="UTF-8"?>
<!-- Generated by org.testng.reporters.JUnitReportReporter -->
<testsuite hostname="DESKTOP-T56DNVO" failures="0" tests="3" name="com.annotations.GI" time="0.052" errors="0" timestamp="2024-01-23T15:32:22 IST" skipped="0">
  <testcase classname="com.annotations.GI" name="H" time="0.004"/>
  <system-out/>
  <testcase classname="com.annotations.GI" name="G" time="0.025"/>
  <system-out/>
  <testcase classname="com.annotations.GI" name="I" time="0.023"/>
  <system-out/>
</testsuite> <!-- com.annotations.GI -->
