<?xml version="1.0" encoding="UTF-8"?>
<!-- Generated by org.testng.reporters.JUnitReportReporter -->
<testsuite hostname="DESKTOP-T56DNVO" failures="0" tests="1" name="com.testNG.AnnotationsTrial" time="0.014" errors="0" timestamp="2024-01-17T11:00:00 IST" skipped="0">
  <testcase classname="com.testNG.AnnotationsTrial" name="execute" time="0.014"/>
  <system-out/>
</testsuite> <!-- com.testNG.AnnotationsTrial -->
