<?xml version="1.0" encoding="UTF-8"?>
<!-- Generated by org.testng.reporters.JUnitReportReporter -->
<testsuite hostname="DESKTOP-T56DNVO" failures="0" tests="4" name="com.testNG.PracticeTestNG_Test" time="0.038" errors="0" timestamp="2024-01-16T16:31:44 IST" skipped="0">
  <testcase classname="com.testNG.PracticeTestNG_Test" name="createTest" time="0.005"/>
  <system-out/>
  <testcase classname="com.testNG.PracticeTestNG_Test" name="createTest" time="0.025"/>
  <system-out/>
  <testcase classname="com.testNG.PracticeTestNG_Test" name="deleteTest" time="0.004"/>
  <system-out/>
  <testcase classname="com.testNG.PracticeTestNG_Test" name="editTest" time="0.004"/>
  <system-out/>
</testsuite> <!-- com.testNG.PracticeTestNG_Test -->
