<?xml version="1.0" encoding="UTF-8"?>
<!-- Generated by org.testng.reporters.JUnitReportReporter -->
<testsuite hostname="DESKTOP-T56DNVO" failures="0" tests="1" name="employee.EmployeeTest" time="21.859" errors="0" timestamp="2024-01-13T15:45:59 IST" skipped="0">
  <testcase classname="employee.EmployeeTest" name="addEmployee" time="21.859"/>
  <system-out/>
</testsuite> <!-- employee.EmployeeTest -->
