<?xml version="1.0" encoding="UTF-8"?>
<!-- Generated by org.testng.reporters.JUnitReportReporter -->
<testsuite hostname="DESKTOP-T56DNVO" failures="0" tests="2" name="com.testNG.DataProvider_Execution" time="0.013" errors="0" timestamp="2024-01-16T18:03:14 IST" skipped="0">
  <testcase classname="com.testNG.DataProvider_Execution" name="execTest" time="0.010"/>
  <system-out/>
  <testcase classname="com.testNG.DataProvider_Execution" name="execTest" time="0.003"/>
  <system-out/>
</testsuite> <!-- com.testNG.DataProvider_Execution -->
