<?xml version="1.0" encoding="UTF-8"?>
<!-- Generated by org.testng.reporters.JUnitReportReporter -->
<testsuite hostname="DESKTOP-T56DNVO" failures="0" tests="1" name="supplier.SupplierFinalTest" time="3.780" errors="0" timestamp="2024-01-19T10:06:12 IST" skipped="0">
  <testcase classname="supplier.SupplierFinalTest" name="supplierAddition" time="3.780"/>
  <system-out/>
</testsuite> <!-- supplier.SupplierFinalTest -->
