<?xml version="1.0" encoding="UTF-8"?>
<!-- Generated by org.testng.reporters.JUnitReportReporter -->
<testsuite hostname="DESKTOP-T56DNVO" failures="0" tests="2" name="com.annotations.TestingAnnotation" time="0.009" errors="0" timestamp="2024-01-18T18:09:36 IST" skipped="0">
  <testcase classname="com.annotations.TestingAnnotation" name="test3" time="0.006"/>
  <system-out/>
  <testcase classname="com.annotations.TestingAnnotation" name="test4" time="0.003"/>
  <system-out/>
</testsuite> <!-- com.annotations.TestingAnnotation -->
