<?xml version="1.0" encoding="UTF-8"?>
<!-- Generated by org.testng.reporters.JUnitReportReporter -->
<testsuite hostname="DESKTOP-T56DNVO" failures="0" tests="3" name="com.annotations.DF" time="0.059" errors="0" timestamp="2024-01-23T15:32:22 IST" skipped="0">
  <testcase classname="com.annotations.DF" name="F" time="0.005"/>
  <system-out/>
  <testcase classname="com.annotations.DF" name="E" time="0.021"/>
  <system-out/>
  <testcase classname="com.annotations.DF" name="D" time="0.033"/>
  <system-out/>
</testsuite> <!-- com.annotations.DF -->
