<?xml version="1.0" encoding="UTF-8"?>
<!-- Generated by org.testng.reporters.JUnitReportReporter -->
<testsuite hostname="DESKTOP-T56DNVO" failures="0" tests="1" name="pos.PosUserTest" time="2.640" errors="0" timestamp="2024-01-23T15:07:10 IST" skipped="0">
  <testcase classname="pos.PosUserTest" name="loginAdmin" time="2.640"/>
  <system-out>
    <![CDATA[loginAdminExecution started
loginAdminExecuted successfully]]>
  </system-out>
</testsuite> <!-- pos.PosUserTest -->
