<?xml version="1.0" encoding="UTF-8"?>
<!-- Generated by org.testng.reporters.JUnitReportReporter -->
<testsuite hostname="DESKTOP-T56DNVO" failures="0" tests="1" name="productlistpage.DemoTest" time="0.008" errors="0" timestamp="2024-01-17T16:39:48 IST" skipped="0">
  <testcase classname="productlistpage.DemoTest" name="demotest" time="0.008"/>
  <system-out/>
</testsuite> <!-- productlistpage.DemoTest -->
