<?xml version="1.0" encoding="UTF-8"?>
<!-- Generated by org.testng.reporters.JUnitReportReporter -->
<testsuite hostname="DESKTOP-T56DNVO" failures="0" tests="1" name="product.ProductTest" time="8.131" errors="0" timestamp="2024-01-19T10:06:12 IST" skipped="0">
  <testcase classname="product.ProductTest" name="editProduct" time="8.131"/>
  <system-out/>
</testsuite> <!-- product.ProductTest -->
