<?xml version="1.0" encoding="UTF-8"?>
<!-- Generated by org.testng.reporters.JUnitReportReporter -->
<testsuite hostname="DESKTOP-T56DNVO" failures="0" tests="1" name="com.testNG.TestExecution" time="9.966" errors="0" timestamp="2024-01-17T13:34:39 IST" skipped="0">
  <testcase classname="com.testNG.TestExecution" name="productPage" time="9.966"/>
  <system-out/>
</testsuite> <!-- com.testNG.TestExecution -->
