<?xml version="1.0" encoding="UTF-8"?>
<!-- Generated by org.testng.reporters.JUnitReportReporter -->
<testsuite hostname="DESKTOP-T56DNVO" failures="0" tests="3" name="com.annotations.JL" time="0.038" errors="0" timestamp="2024-01-23T15:32:22 IST" skipped="0">
  <testcase classname="com.annotations.JL" name="L" time="0.019"/>
  <system-out/>
  <testcase classname="com.annotations.JL" name="K" time="0.002"/>
  <system-out/>
  <testcase classname="com.annotations.JL" name="J" time="0.017"/>
  <system-out/>
</testsuite> <!-- com.annotations.JL -->
