<?xml version="1.0" encoding="UTF-8"?>
<!-- Generated by org.testng.reporters.JUnitReportReporter -->
<testsuite hostname="DESKTOP-T56DNVO" failures="0" tests="4" name="com.testNG.ExcelDataToDataProvider" time="0.023" errors="0" timestamp="2024-01-17T09:20:01 IST" skipped="0">
  <testcase classname="com.testNG.ExcelDataToDataProvider" name="excelExec" time="0.003"/>
  <system-out/>
  <testcase classname="com.testNG.ExcelDataToDataProvider" name="excelExec" time="0.004"/>
  <system-out/>
  <testcase classname="com.testNG.ExcelDataToDataProvider" name="excelExec" time="0.009"/>
  <system-out/>
  <testcase classname="com.testNG.ExcelDataToDataProvider" name="excelExec" time="0.007"/>
  <system-out/>
</testsuite> <!-- com.testNG.ExcelDataToDataProvider -->
