<?xml version="1.0" encoding="UTF-8"?>
<!-- Generated by org.testng.reporters.JUnitReportReporter -->
<testsuite hostname="DESKTOP-T56DNVO" failures="0" tests="1" name="supplier.SupplierTest" time="11.493" errors="0" timestamp="2024-01-17T18:15:49 IST" skipped="0">
  <testcase classname="supplier.SupplierTest" name="addSuppliers" time="11.493"/>
  <system-out/>
</testsuite> <!-- supplier.SupplierTest -->
