<?xml version="1.0" encoding="UTF-8"?>
<!-- Generated by org.testng.reporters.JUnitReportReporter -->
<testsuite hostname="DESKTOP-T56DNVO" failures="0" tests="1" name="pos.PosTrial" time="8.135" errors="0" timestamp="2024-01-13T16:27:21 IST" skipped="0">
  <testcase classname="pos.PosTrial" name="loginAdmin" time="8.135"/>
  <system-out/>
</testsuite> <!-- pos.PosTrial -->
