<?xml version="1.0" encoding="UTF-8"?>
<!-- Generated by org.testng.reporters.JUnitReportReporter -->
<testsuite hostname="DESKTOP-T56DNVO" failures="0" tests="2" name="com.testNG.DataProvider_ExecutionTest" time="0.016" errors="0" timestamp="2024-01-16T18:14:02 IST" skipped="0">
  <testcase classname="com.testNG.DataProvider_ExecutionTest" name="execLogin" time="0.011"/>
  <system-out/>
  <testcase classname="com.testNG.DataProvider_ExecutionTest" name="execLogin" time="0.005"/>
  <system-out/>
</testsuite> <!-- com.testNG.DataProvider_ExecutionTest -->
