<?xml version="1.0" encoding="UTF-8"?>
<!-- Generated by org.testng.reporters.JUnitReportReporter -->
<testsuite hostname="DESKTOP-T56DNVO" failures="0" tests="1" name="productlistpage.ProductListPage" time="8.579" errors="0" timestamp="2024-01-11T10:05:08 IST" skipped="0">
  <testcase classname="productlistpage.ProductListPage" name="productListPageTest" time="8.579"/>
  <system-out/>
</testsuite> <!-- productlistpage.ProductListPage -->
